{"id": 346859, "users": [{"id": 33032, "email": "alex.casson@manchester.ac.uk", "name": "Alex Casson", "sid": null, "assignment": {"release_date": "2024-02-19T03:57:00.000000-08:00", "due_date": "2024-02-26T03:57:00.000000-08:00", "late_due_date": "2024-03-04T03:57:00.000000-08:00"}}], "created_at": "2023-12-06T03:07:35.807958-08:00", "assignment_id": null, "assignment": {"id": 18252, "title": "Lab 1", "release_date": "2024-02-19T03:57:00.000000-08:00", "due_date": "2024-02-26T03:57:00.000000-08:00", "total_points": "2.0", "course_id": 6404, "group_submission": false, "group_size": null, "late_due_date": "2024-03-04T03:57:00.000000-08:00", "outline": [{"id": 114149, "type": "ProgrammingQuestion", "title": "Autograder", "parent_id": null, "weight": "2.0", "content": [], "index": 1}]}, "submission_method": "upload", "previous_submissions": [{"id": 338279, "submission_time": "2023-12-01T12:30:50.238599-08:00", "score": "0.0", "results": {"score": 0.0, "tests": [{"name": "test_complex (unittest.loader._FailedTest)", "tags": null, "score": null, "number": null, "output": "Test Failed: Failed to import test module: test_complex\nTraceback (most recent call last):\n  File \"/usr/lib/python3.10/unittest/loader.py\", line 436, in _find_test_path\n    module = self._get_module_from_name(name)\n  File \"/usr/lib/python3.10/unittest/loader.py\", line 377, in _get_module_from_name\n    __import__(name)\n  File \"/autograder/source/tests/test_complex.py\", line 3, in <module>\n    from calculator import Calculator\nModuleNotFoundError: No module named 'calculator'\n\n", "status": "failed", "max_score": null, "extra_data": null, "visibility": null, "name_format": null, "output_format": null}, {"name": "Check submitted files", "tags": null, "score": 0.0, "number": null, "output": "Missing calculator.py\n\nTest Failed: 1 != 0 : Missing some required files!\n", "status": "failed", "max_score": 0.0, "extra_data": null, "visibility": null, "name_format": null, "output_format": null}, {"name": "Quit the REPL", "tags": ["integration"], "score": 0.0, "number": null, "output": "Test Failed: 2 != 0\n", "status": "failed", "max_score": 2.0, "extra_data": null, "visibility": null, "name_format": null, "output_format": null}, {"name": "Evaluate 1 + 1 in the REPL", "tags": ["integration"], "score": 0.0, "number": null, "output": "Test Failed: False is not true\n", "status": "failed", "max_score": 2.0, "extra_data": null, "visibility": null, "name_format": null, "output_format": null}, {"name": "test_simple (unittest.loader._FailedTest)", "tags": null, "score": null, "number": null, "output": "Test Failed: Failed to import test module: test_simple\nTraceback (most recent call last):\n  File \"/usr/lib/python3.10/unittest/loader.py\", line 436, in _find_test_path\n    module = self._get_module_from_name(name)\n  File \"/usr/lib/python3.10/unittest/loader.py\", line 377, in _get_module_from_name\n    __import__(name)\n  File \"/autograder/source/tests/test_simple.py\", line 3, in <module>\n    from calculator import Calculator\nModuleNotFoundError: No module named 'calculator'\n\n", "status": "failed", "max_score": null, "extra_data": null, "visibility": null, "name_format": null, "output_format": null}, {"name": "test_unknown (unittest.loader._FailedTest)", "tags": null, "score": null, "number": null, "output": "Test Failed: Failed to import test module: test_unknown\nTraceback (most recent call last):\n  File \"/usr/lib/python3.10/unittest/loader.py\", line 436, in _find_test_path\n    module = self._get_module_from_name(name)\n  File \"/usr/lib/python3.10/unittest/loader.py\", line 377, in _get_module_from_name\n    __import__(name)\n  File \"/autograder/source/tests/test_unknown.py\", line 3, in <module>\n    from calculator import Calculator, CalculatorException\nModuleNotFoundError: No module named 'calculator'\n\n", "status": "failed", "max_score": null, "extra_data": null, "visibility": null, "name_format": null, "output_format": null}], "output": null, "extra_data": null, "visibility": "visible", "leaderboard": [{"name": "time", "order": "asc", "value": 9.41}, {"name": "high score", "order": "desc", "value": 4}, {"name": "accuracy", "order": "desc", "value": 57.43}, {"name": "stars", "order": "desc", "value": "\ud83c\udf1f\ud83c\udf1f"}], "output_format": null, "execution_time": 0.03, "test_name_format": null, "test_output_format": null}}, {"id": 338286, "submission_time": "2023-12-01T12:47:41.551205-08:00", "score": "0.0", "results": {"output": "The autograder failed to execute correctly. Contact your course staff for help in debugging this issue. Make sure to include a link to this page so that they can help you most effectively."}}, {"id": 338288, "submission_time": "2023-12-01T12:51:56.100305-08:00", "score": "0.0", "results": {"output": "The autograder failed to execute correctly. Contact your course staff for help in debugging this issue. Make sure to include a link to this page so that they can help you most effectively."}}, {"id": 338291, "submission_time": "2023-12-01T12:57:59.398868-08:00", "score": "0.0", "results": {"output": "The autograder failed to execute correctly. Contact your course staff for help in debugging this issue. Make sure to include a link to this page so that they can help you most effectively."}}, {"id": 338293, "submission_time": "2023-12-01T13:02:23.014344-08:00", "score": "0.0", "results": {"output": "The autograder failed to execute correctly. Contact your course staff for help in debugging this issue. Make sure to include a link to this page so that they can help you most effectively."}}, {"id": 338296, "submission_time": "2023-12-01T13:06:50.415775-08:00", "score": "0.0", "results": {"output": "The autograder failed to execute correctly. Contact your course staff for help in debugging this issue. Make sure to include a link to this page so that they can help you most effectively."}}, {"id": 338297, "submission_time": "2023-12-01T13:10:06.567394-08:00", "score": "0.0", "results": {"output": "The autograder failed to execute correctly. Contact your course staff for help in debugging this issue. Make sure to include a link to this page so that they can help you most effectively."}}, {"id": 338408, "submission_time": "2023-12-02T02:39:08.486070-08:00", "score": "0.0", "results": {"output": "The autograder failed to execute correctly. Contact your course staff for help in debugging this issue. Make sure to include a link to this page so that they can help you most effectively."}}, {"id": 338409, "submission_time": "2023-12-02T02:45:01.491356-08:00", "score": "0.0", "results": {"output": "The autograder failed to execute correctly. Contact your course staff for help in debugging this issue. Make sure to include a link to this page so that they can help you most effectively."}}, {"id": 338420, "submission_time": "2023-12-02T04:16:28.048714-08:00", "score": "0.0", "results": {"output": "The autograder failed to execute correctly. Contact your course staff for help in debugging this issue. Make sure to include a link to this page so that they can help you most effectively."}}, {"id": 338423, "submission_time": "2023-12-02T04:24:38.788679-08:00", "score": "0.0", "results": {"output": "The autograder failed to execute correctly. Contact your course staff for help in debugging this issue. Make sure to include a link to this page so that they can help you most effectively."}}, {"id": 338426, "submission_time": "2023-12-02T04:35:11.422749-08:00", "score": "0.0", "results": {"output": "The autograder failed to execute correctly. Contact your course staff for help in debugging this issue. Make sure to include a link to this page so that they can help you most effectively."}}, {"id": 338427, "submission_time": "2023-12-02T04:46:04.068388-08:00", "score": "0.0", "results": {"output": "The autograder failed to execute correctly. Contact your course staff for help in debugging this issue. Make sure to include a link to this page so that they can help you most effectively."}}, {"id": 338430, "submission_time": "2023-12-02T05:02:51.735845-08:00", "score": "0.0", "results": {"output": "The autograder failed to execute correctly. Contact your course staff for help in debugging this issue. Make sure to include a link to this page so that they can help you most effectively."}}, {"id": 338489, "submission_time": "2023-12-02T09:22:24.449115-08:00", "score": "0.0", "results": {"output": "The autograder failed to execute correctly. Contact your course staff for help in debugging this issue. Make sure to include a link to this page so that they can help you most effectively."}}, {"id": 338492, "submission_time": "2023-12-02T09:31:49.734331-08:00", "score": "0.0", "results": {"output": "The autograder failed to execute correctly. Contact your course staff for help in debugging this issue. Make sure to include a link to this page so that they can help you most effectively."}}, {"id": 339024, "submission_time": "2023-12-03T11:43:55.339137-08:00", "score": "0.0", "results": {"output": "The autograder failed to execute correctly. Contact your course staff for help in debugging this issue. Make sure to include a link to this page so that they can help you most effectively."}}, {"id": 339026, "submission_time": "2023-12-03T11:46:55.366534-08:00", "score": "0.0", "results": {"output": "The autograder failed to execute correctly. Contact your course staff for help in debugging this issue. Make sure to include a link to this page so that they can help you most effectively."}}, {"id": 339028, "submission_time": "2023-12-03T11:48:31.356744-08:00", "score": "0.0", "results": {"output": "The autograder failed to execute correctly. Contact your course staff for help in debugging this issue. Make sure to include a link to this page so that they can help you most effectively."}}, {"id": 339030, "submission_time": "2023-12-03T11:51:31.542825-08:00", "score": "0.0", "results": {"output": "The autograder failed to execute correctly. Contact your course staff for help in debugging this issue. Make sure to include a link to this page so that they can help you most effectively."}}, {"id": 339032, "submission_time": "2023-12-03T11:52:49.292853-08:00", "score": "0.0", "results": {"output": "The autograder failed to execute correctly. Contact your course staff for help in debugging this issue. Make sure to include a link to this page so that they can help you most effectively."}}, {"id": 339041, "submission_time": "2023-12-03T12:00:34.000408-08:00", "score": "0.0", "results": {"score": 0.0, "tests": [], "output": "ERROR: File could not be found. Check your submitted file has the correct file name. It needs to be exact.", "extra_data": null, "visibility": null, "leaderboard": [], "visibility:": "visible", "output_format": "simple_format", "execution_time": null, "test_name_format": null, "stdout_visibility:": "visible", "test_output_format": null}}, {"id": 339045, "submission_time": "2023-12-03T12:01:42.229820-08:00", "score": "0.0", "results": {"output": "The autograder failed to execute correctly. Contact your course staff for help in debugging this issue. Make sure to include a link to this page so that they can help you most effectively."}}, {"id": 339048, "submission_time": "2023-12-03T12:05:55.722457-08:00", "score": "0.0", "results": {"output": "The autograder failed to execute correctly. Contact your course staff for help in debugging this issue. Make sure to include a link to this page so that they can help you most effectively."}}, {"id": 339065, "submission_time": "2023-12-03T12:21:43.674481-08:00", "score": "0.0", "results": {"output": "The autograder failed to execute correctly. Contact your course staff for help in debugging this issue. Make sure to include a link to this page so that they can help you most effectively."}}, {"id": 339073, "submission_time": "2023-12-03T12:26:46.328000-08:00", "score": "0.0", "results": {"output": "The autograder failed to execute correctly. Contact your course staff for help in debugging this issue. Make sure to include a link to this page so that they can help you most effectively."}}, {"id": 339658, "submission_time": "2023-12-03T23:32:58.106734-08:00", "score": "0.0", "results": {"output": "The autograder failed to execute correctly. Contact your course staff for help in debugging this issue. Make sure to include a link to this page so that they can help you most effectively."}}, {"id": 339659, "submission_time": "2023-12-03T23:36:29.512406-08:00", "score": "0.0", "results": {"output": "The autograder failed to execute correctly. Contact your course staff for help in debugging this issue. Make sure to include a link to this page so that they can help you most effectively."}}, {"id": 339755, "submission_time": "2023-12-04T01:26:50.229808-08:00", "score": "0.0", "results": {"output": "The autograder failed to execute correctly. Contact your course staff for help in debugging this issue. Make sure to include a link to this page so that they can help you most effectively."}}, {"id": 339762, "submission_time": "2023-12-04T01:36:11.412661-08:00", "score": "0.0", "results": {"output": "The autograder failed to execute correctly. Contact your course staff for help in debugging this issue. Make sure to include a link to this page so that they can help you most effectively."}}, {"id": 339769, "submission_time": "2023-12-04T01:48:16.146885-08:00", "score": "0.0", "results": {"score": 0.0, "tests": [], "output": "ERROR: File could not be found. Check your submitted file has the correct file name. It needs to be exact.", "extra_data": null, "visibility": null, "leaderboard": [], "visibility:": "visible", "output_format": "simple_format", "execution_time": null, "test_name_format": null, "stdout_visibility:": "visible", "test_output_format": null}}, {"id": 339771, "submission_time": "2023-12-04T01:49:25.624947-08:00", "score": "0.0", "results": {"output": "The autograder failed to execute correctly. Contact your course staff for help in debugging this issue. Make sure to include a link to this page so that they can help you most effectively."}}, {"id": 339772, "submission_time": "2023-12-04T01:52:03.534584-08:00", "score": "0.0", "results": {"output": "The autograder failed to execute correctly. Contact your course staff for help in debugging this issue. Make sure to include a link to this page so that they can help you most effectively."}}, {"id": 339775, "submission_time": "2023-12-04T01:55:41.314778-08:00", "score": "0.0", "results": {"score": 0.0, "tests": [], "output": "ERROR: File could not be found. Check your submitted file has the correct file name. It needs to be exact.", "extra_data": null, "visibility": null, "leaderboard": [], "visibility:": "visible", "output_format": "simple_format", "execution_time": null, "test_name_format": null, "stdout_visibility:": "visible", "test_output_format": null}}, {"id": 339778, "submission_time": "2023-12-04T01:56:34.524321-08:00", "score": "0.0", "results": {"output": "The autograder failed to execute correctly. Contact your course staff for help in debugging this issue. Make sure to include a link to this page so that they can help you most effectively."}}, {"id": 339780, "submission_time": "2023-12-04T01:59:03.665234-08:00", "score": "0.0", "results": {"score": 0.0, "tests": [], "output": "ERROR: Test suite not run. This is most likely an issue with permissions, e.g. using too much memory.", "extra_data": null, "visibility": null, "leaderboard": [], "visibility:": "visible", "output_format": "simple_format", "execution_time": null, "test_name_format": null, "stdout_visibility:": "visible", "test_output_format": null}}, {"id": 339803, "submission_time": "2023-12-04T02:31:16.174354-08:00", "score": "0.0", "results": {"score": 0.0, "tests": [], "output": "ERROR: Test suite not run. This is most likely an issue with permissions, e.g. using too much memory.", "extra_data": null, "visibility": null, "leaderboard": [], "visibility:": "visible", "output_format": "simple_format", "execution_time": null, "test_name_format": null, "stdout_visibility:": "visible", "test_output_format": null}}, {"id": 340047, "submission_time": "2023-12-04T04:06:35.145795-08:00", "score": "0.0", "results": {"score": 0.0, "tests": [], "output": "ERROR: Test suite not run. This is most likely an issue with permissions, e.g. using too much memory.", "extra_data": null, "visibility": null, "leaderboard": [], "visibility:": "visible", "output_format": "simple_format", "execution_time": null, "test_name_format": null, "stdout_visibility:": "visible", "test_output_format": null}}, {"id": 340072, "submission_time": "2023-12-04T04:37:50.593775-08:00", "score": "0.0", "results": {"score": 0.0, "tests": [], "output": "ERROR: Test suite not run. This is most likely an issue with permissions, e.g. using too much memory.", "extra_data": null, "visibility": null, "leaderboard": [], "visibility:": "visible", "output_format": "simple_format", "execution_time": null, "test_name_format": null, "stdout_visibility:": "visible", "test_output_format": null}}, {"id": 340089, "submission_time": "2023-12-04T04:55:42.308633-08:00", "score": "0.0", "results": {"score": 0.0, "tests": [], "output": "ERROR: Test suite not run. This is most likely an issue with permissions, e.g. using too much memory.", "extra_data": null, "visibility": null, "leaderboard": [], "visibility:": "visible", "output_format": "simple_format", "execution_time": null, "test_name_format": null, "stdout_visibility:": "visible", "test_output_format": null}}, {"id": 340312, "submission_time": "2023-12-04T06:33:30.168977-08:00", "score": "0.0", "results": {"score": 0.0, "tests": [], "output": "ERROR: Test suite not run. This is most likely an issue with permissions, e.g. using too much memory.", "extra_data": null, "visibility": null, "leaderboard": [], "visibility:": "visible", "output_format": "simple_format", "execution_time": null, "test_name_format": null, "stdout_visibility:": "visible", "test_output_format": null}}, {"id": 340346, "submission_time": "2023-12-04T07:54:17.113076-08:00", "score": "0.0", "results": {"score": 0.0, "tests": [], "output": "ERROR: Test suite not run. This is most likely an issue with permissions, e.g. using too much memory.", "extra_data": null, "visibility": null, "leaderboard": [], "visibility:": "visible", "output_format": "simple_format", "execution_time": null, "test_name_format": null, "stdout_visibility:": "visible", "test_output_format": null}}, {"id": 340348, "submission_time": "2023-12-04T07:59:32.151210-08:00", "score": "0.0", "results": {"score": 0.0, "tests": [], "output": "ERROR: Test suite not run. This is most likely an issue with permissions, e.g. using too much memory.", "extra_data": null, "visibility": null, "leaderboard": [], "visibility:": "visible", "output_format": "simple_format", "execution_time": null, "test_name_format": null, "stdout_visibility:": "visible", "test_output_format": null}}, {"id": 340355, "submission_time": "2023-12-04T08:12:35.361390-08:00", "score": "0.0", "results": {"score": 0.0, "tests": [], "output": "ERROR: Test suite not run. This is most likely an issue with permissions, e.g. using too much memory.", "extra_data": null, "visibility": null, "leaderboard": [], "visibility:": "visible", "output_format": "simple_format", "execution_time": null, "test_name_format": null, "stdout_visibility:": "visible", "test_output_format": null}}, {"id": 340358, "submission_time": "2023-12-04T08:16:17.285291-08:00", "score": "0.0", "results": {"score": 0.0, "tests": [], "output": "ERROR: Test suite not run. This is most likely an issue with permissions, e.g. using too much memory.", "extra_data": null, "visibility": null, "leaderboard": [], "visibility:": "visible", "output_format": "simple_format", "execution_time": null, "test_name_format": null, "stdout_visibility:": "visible", "test_output_format": null}}, {"id": 340359, "submission_time": "2023-12-04T08:18:33.302116-08:00", "score": "0.0", "results": {"score": 0.0, "tests": [], "output": "ERROR: Test suite not run. This is most likely an issue with permissions, e.g. using too much memory.", "extra_data": null, "visibility": null, "leaderboard": [], "visibility:": "visible", "output_format": "simple_format", "execution_time": null, "test_name_format": null, "stdout_visibility:": "visible", "test_output_format": null}}, {"id": 340362, "submission_time": "2023-12-04T08:26:23.217642-08:00", "score": "0.0", "results": {"score": 0.0, "tests": [], "output": "ERROR: Test suite not run. This is most likely an issue with permissions, e.g. using too much memory.", "extra_data": null, "visibility": null, "leaderboard": [], "visibility:": "visible", "output_format": "simple_format", "execution_time": null, "test_name_format": null, "stdout_visibility:": "visible", "test_output_format": null}}, {"id": 340483, "submission_time": "2023-12-04T12:31:37.682049-08:00", "score": "0.0", "results": {"score": 0.0, "tests": [], "output": "ERROR: Test suite not run. This is most likely an issue with permissions, e.g. using too much memory.", "extra_data": null, "visibility": null, "leaderboard": [], "visibility:": "visible", "output_format": "simple_format", "execution_time": null, "test_name_format": null, "stdout_visibility:": "visible", "test_output_format": null}}, {"id": 340502, "submission_time": "2023-12-04T12:55:34.436636-08:00", "score": "0.0", "results": {"score": 0.0, "tests": [], "output": "ERROR: Test suite not run. This is most likely an issue with permissions, e.g. using too much memory.", "extra_data": null, "visibility": null, "leaderboard": [], "visibility:": "visible", "output_format": "simple_format", "execution_time": null, "test_name_format": null, "stdout_visibility:": "visible", "test_output_format": null}}, {"id": 340504, "submission_time": "2023-12-04T12:58:11.577674-08:00", "score": "0.0", "results": {"score": 0.0, "tests": [], "output": "ERROR: Test suite not run. This is most likely an issue with permissions, e.g. using too much memory.", "extra_data": null, "visibility": null, "leaderboard": [], "visibility:": "visible", "output_format": "simple_format", "execution_time": null, "test_name_format": null, "stdout_visibility:": "visible", "test_output_format": null}}, {"id": 346708, "submission_time": "2023-12-06T02:59:23.026074-08:00", "score": "0.0", "results": {"score": 0.0, "tests": [], "output": "ERROR: File could not be found. Check your submitted file has the correct file name. It needs to be exact.", "extra_data": null, "visibility": null, "leaderboard": [], "visibility:": "visible", "output_format": "simple_format", "execution_time": null, "test_name_format": null, "stdout_visibility:": "visible", "test_output_format": null}}, {"id": 346725, "submission_time": "2023-12-06T03:00:21.718340-08:00", "score": "2.0", "results": {"score": 2.0, "tests": [{"name": "Test whether the file uploaded compiles", "tags": null, "score": 1.0, "number": null, "output": null, "status": "passed", "max_score": 1.0, "extra_data": null, "visibility": "visible", "name_format": null, "output_format": null}, {"name": "Test whether the compiled program produces the correct text output", "tags": null, "score": 1.0, "number": null, "output": null, "status": "passed", "max_score": 1.0, "extra_data": null, "visibility": "visible", "name_format": null, "output_format": null}], "output": null, "extra_data": null, "visibility": null, "leaderboard": [], "output_format": null, "execution_time": 0.05, "test_name_format": null, "test_output_format": null}}, {"id": 346857, "submission_time": "2023-12-06T03:03:38.903948-08:00", "score": "0.0", "results": {"score": 0.0, "tests": [{"name": "Test whether the file uploaded compiles", "tags": null, "score": 0.0, "number": null, "output": "Test Failed: 'HelloWorld.c:4:9: error: expected \u2018=\u2019, \u2018,[136 chars] 1\\n' != ''\n- HelloWorld.c:4:9: error: expected \u2018=\u2019, \u2018,\u2019, \u2018;\u2019, \u2018asm\u2019 or \u2018__attribute__\u2019 before \u2018<\u2019 token\n-     4 | include <stdio.h>\n-       |         ^\n- make: *** [<builtin>: HelloWorld] Error 1\n\n", "status": "failed", "max_score": 1.0, "extra_data": null, "visibility": "visible", "name_format": null, "output_format": null}, {"name": "Test whether the compiled program produces the correct text output", "tags": null, "score": 0.0, "number": null, "output": "Test Failed: [Errno 2] No such file or directory: '/autograder/source/student_code/HelloWorld'\n", "status": "failed", "max_score": 1.0, "extra_data": null, "visibility": "visible", "name_format": null, "output_format": null}], "output": null, "extra_data": null, "visibility": null, "leaderboard": [], "output_format": null, "execution_time": 0.01, "test_name_format": null, "test_output_format": null}}, {"id": 346858, "submission_time": "2023-12-06T03:04:42.791463-08:00", "score": "0.0", "results": {"score": 0.0, "tests": [{"name": "Test whether the file uploaded compiles", "tags": null, "score": 0.0, "number": null, "output": "Test Failed: 'HelloWorld.c: In function \u2018main\u2019:\\nHelloW[264 chars] 1\\n' != ''\n- HelloWorld.c: In function \u2018main\u2019:\n- HelloWorld.c:12:26: error: expected \u2018;\u2019 before \u2018return\u2019\n-    12 |     printf(\"Hello World\")\n-       |                          ^\n-       |                          ;\n- ......\n-    15 |     return 0;\n-       |     ~~~~~~                \n- make: *** [<builtin>: HelloWorld] Error 1\n\n", "status": "failed", "max_score": 1.0, "extra_data": null, "visibility": "visible", "name_format": null, "output_format": null}, {"name": "Test whether the compiled program produces the correct text output", "tags": null, "score": 0.0, "number": null, "output": "Test Failed: [Errno 2] No such file or directory: '/autograder/source/student_code/HelloWorld'\n", "status": "failed", "max_score": 1.0, "extra_data": null, "visibility": "visible", "name_format": null, "output_format": null}], "output": null, "extra_data": null, "visibility": null, "leaderboard": [], "output_format": null, "execution_time": 0.01, "test_name_format": null, "test_output_format": null}}]}